<?xml version="1.0" encoding="UTF-8"?>
<!-- Generated by org.testng.reporters.JUnitReportReporter -->
<testsuite skipped="0" hostname="Nagendra-Yoga" name="com.DollarDays.testCases.HomePageAfterSigninTest" tests="13" failures="0" timestamp="13 Aug 2021 22:59:46 GMT" time="113.252" errors="0">
  <testcase name="TC_Login" time="31.346" classname="com.DollarDays.testCases.HomePageAfterSigninTest"/>
  <testcase name="TC_verifyUserHomePageTitle" time="0.015" classname="com.DollarDays.testCases.HomePageAfterSigninTest"/>
  <testcase name="TC_CheckUserDropDownList" time="8.816" classname="com.DollarDays.testCases.HomePageAfterSigninTest"/>
  <testcase name="TC_verifyUserDropDownUrl" time="8.001" classname="com.DollarDays.testCases.HomePageAfterSigninTest"/>
  <testcase name="TC_verifyUserDropDownUrl" time="14.763" classname="com.DollarDays.testCases.HomePageAfterSigninTest"/>
  <testcase name="TC_verifyUserDropDownUrl" time="3.740" classname="com.DollarDays.testCases.HomePageAfterSigninTest"/>
  <testcase name="TC_verifyUserDropDownUrl" time="2.977" classname="com.DollarDays.testCases.HomePageAfterSigninTest"/>
  <testcase name="TC_verifyUserDropDownUrl" time="3.486" classname="com.DollarDays.testCases.HomePageAfterSigninTest"/>
  <testcase name="TC_verifyUserDropDownUrl" time="2.983" classname="com.DollarDays.testCases.HomePageAfterSigninTest"/>
  <testcase name="TC_verifyUserDropDownUrl" time="7.375" classname="com.DollarDays.testCases.HomePageAfterSigninTest"/>
  <testcase name="TC_verifyUserDropDownUrl" time="13.227" classname="com.DollarDays.testCases.HomePageAfterSigninTest"/>
  <testcase name="TC_verifyUserDropDownUrl" time="3.839" classname="com.DollarDays.testCases.HomePageAfterSigninTest"/>
  <testcase name="TC_verifyUserDropDownUrl" time="12.684" classname="com.DollarDays.testCases.HomePageAfterSigninTest"/>
</testsuite> <!-- com.DollarDays.testCases.HomePageAfterSigninTest -->
