<?xml version="1.0" encoding="UTF-8"?>
<!-- Generated by org.testng.reporters.JUnitReportReporter -->
<testsuite skipped="0" hostname="Nagendra-Yoga" name="com.DollarDays.testCases.LoginPageTest" tests="5" failures="0" timestamp="13 Aug 2021 22:59:46 GMT" time="49.491" errors="0">
  <testcase name="TC_verifyLoginPageTitle" time="14.124" classname="com.DollarDays.testCases.LoginPageTest"/>
  <testcase name="TC_verifyLoginPageMandatoryfields" time="0.427" classname="com.DollarDays.testCases.LoginPageTest"/>
  <testcase name="TC_verifyForgotEmailPasswordLink" time="2.558" classname="com.DollarDays.testCases.LoginPageTest"/>
  <testcase name="TC_verifyCreateAccountButton" time="12.028" classname="com.DollarDays.testCases.LoginPageTest"/>
  <testcase name="TC_logintoDD" time="20.354" classname="com.DollarDays.testCases.LoginPageTest"/>
</testsuite> <!-- com.DollarDays.testCases.LoginPageTest -->
